Info in <TCanvas::Print>: png file /afs/hep.wisc.edu/home/laura/www/Research/step1hist_ptb0.png has been created
Info in <TCanvas::Print>: png file /afs/hep.wisc.edu/home/laura/www/Research/step1hist_ptb1.png has been created
Info in <TCanvas::Print>: png file /afs/hep.wisc.edu/home/laura/www/Research/step1hist_ptb2.png has been created
[?1034hmean
	
Ptb:0 eta:0 SF:0.00
Ptb:0 eta:1 SF:0.00
Ptb:0 eta:2 SF:0.00
Ptb:0 eta:3 SF:1.69
Ptb:0 eta:4 SF:0.00
Ptb:0 eta:5 SF:0.00
Ptb:0 eta:6 SF:3.36
Ptb:0 eta:7 SF:0.00
Ptb:0 eta:8 SF:2.60
Ptb:0 eta:9 SF:0.00
Ptb:0 eta:10 SF:0.00
Ptb:0 eta:11 SF:0.00
Ptb:0 eta:12 SF:1.76
Ptb:0 eta:13 SF:1.43
Ptb:0 eta:14 SF:0.00
Ptb:0 eta:15 SF:1.20
Ptb:0 eta:16 SF:0.00
Ptb:0 eta:17 SF:0.00
Ptb:0 eta:18 SF:0.00
Ptb:0 eta:19 SF:0.00
Ptb:0 eta:20 SF:0.00
Ptb:0 eta:21 SF:0.00
Ptb:0 eta:22 SF:0.00
Ptb:0 eta:23 SF:0.00
Ptb:0 eta:24 SF:0.00
Ptb:0 eta:25 SF:0.00
Ptb:0 eta:26 SF:0.00
Ptb:0 eta:27 SF:0.00
Ptb:0 eta:28 SF:0.00
Ptb:0 eta:29 SF:0.00
Ptb:0 eta:30 SF:0.00
Ptb:0 eta:31 SF:0.00
Ptb:0 eta:32 SF:0.00
Ptb:0 eta:33 SF:0.00
Ptb:0 eta:34 SF:0.00
Ptb:0 eta:35 SF:0.00
Ptb:0 eta:36 SF:0.00
Ptb:0 eta:37 SF:0.00
Ptb:0 eta:38 SF:0.00
Ptb:0 eta:39 SF:0.00
Ptb:0 eta:40 SF:0.00
Ptb:0 eta:41 SF:0.00
Ptb:0 eta:42 SF:0.00
Ptb:0 eta:43 SF:0.00
Ptb:0 eta:44 SF:1.86
Ptb:0 eta:45 SF:3.46
Ptb:0 eta:46 SF:2.06
Ptb:0 eta:47 SF:2.14
Ptb:0 eta:48 SF:3.74
Ptb:0 eta:49 SF:2.25
Ptb:0 eta:50 SF:2.26
Ptb:0 eta:51 SF:2.35
Ptb:0 eta:52 SF:2.54
Ptb:0 eta:53 SF:2.99
Ptb:0 eta:54 SF:0.00
Ptb:0 eta:55 SF:0.00
	
Ptb:1 eta:0 SF:0.00
Ptb:1 eta:1 SF:0.00
Ptb:1 eta:2 SF:2.00
Ptb:1 eta:3 SF:2.00
Ptb:1 eta:4 SF:1.80
Ptb:1 eta:5 SF:1.85
Ptb:1 eta:6 SF:1.98
Ptb:1 eta:7 SF:2.00
Ptb:1 eta:8 SF:2.31
Ptb:1 eta:9 SF:1.35
Ptb:1 eta:10 SF:2.36
Ptb:1 eta:11 SF:1.45
Ptb:1 eta:12 SF:0.00
Ptb:1 eta:13 SF:0.00
Ptb:1 eta:14 SF:1.93
Ptb:1 eta:15 SF:0.00
Ptb:1 eta:16 SF:1.25
Ptb:1 eta:17 SF:0.00
Ptb:1 eta:18 SF:0.00
Ptb:1 eta:19 SF:0.00
Ptb:1 eta:20 SF:0.00
Ptb:1 eta:21 SF:0.00
Ptb:1 eta:22 SF:0.00
Ptb:1 eta:23 SF:0.00
Ptb:1 eta:24 SF:0.00
Ptb:1 eta:25 SF:0.00
Ptb:1 eta:26 SF:0.00
Ptb:1 eta:27 SF:1.21
Ptb:1 eta:28 SF:0.00
Ptb:1 eta:29 SF:0.00
Ptb:1 eta:30 SF:0.00
Ptb:1 eta:31 SF:0.00
Ptb:1 eta:32 SF:0.00
Ptb:1 eta:33 SF:0.00
Ptb:1 eta:34 SF:0.00
Ptb:1 eta:35 SF:0.00
Ptb:1 eta:36 SF:0.00
Ptb:1 eta:37 SF:0.00
Ptb:1 eta:38 SF:0.00
Ptb:1 eta:39 SF:0.00
Ptb:1 eta:40 SF:0.00
Ptb:1 eta:41 SF:0.00
Ptb:1 eta:42 SF:1.41
Ptb:1 eta:43 SF:2.42
Ptb:1 eta:44 SF:2.79
Ptb:1 eta:45 SF:2.48
Ptb:1 eta:46 SF:2.32
Ptb:1 eta:47 SF:2.35
Ptb:1 eta:48 SF:1.94
Ptb:1 eta:49 SF:2.04
Ptb:1 eta:50 SF:2.13
Ptb:1 eta:51 SF:1.89
Ptb:1 eta:52 SF:1.85
Ptb:1 eta:53 SF:2.12
Ptb:1 eta:54 SF:0.00
Ptb:1 eta:55 SF:0.00
	
Ptb:2 eta:0 SF:0.00
Ptb:2 eta:1 SF:0.00
Ptb:2 eta:2 SF:1.71
Ptb:2 eta:3 SF:1.60
Ptb:2 eta:4 SF:1.54
Ptb:2 eta:5 SF:1.51
Ptb:2 eta:6 SF:1.57
Ptb:2 eta:7 SF:1.53
Ptb:2 eta:8 SF:1.52
Ptb:2 eta:9 SF:1.47
Ptb:2 eta:10 SF:1.69
Ptb:2 eta:11 SF:1.43
Ptb:2 eta:12 SF:1.25
Ptb:2 eta:13 SF:1.65
Ptb:2 eta:14 SF:1.29
Ptb:2 eta:15 SF:1.15
Ptb:2 eta:16 SF:1.20
Ptb:2 eta:17 SF:0.00
Ptb:2 eta:18 SF:0.00
Ptb:2 eta:19 SF:0.00
Ptb:2 eta:20 SF:0.00
Ptb:2 eta:21 SF:0.00
Ptb:2 eta:22 SF:1.37
Ptb:2 eta:23 SF:1.24
Ptb:2 eta:24 SF:0.00
Ptb:2 eta:25 SF:2.40
Ptb:2 eta:26 SF:0.00
Ptb:2 eta:27 SF:1.23
Ptb:2 eta:28 SF:0.00
Ptb:2 eta:29 SF:0.00
Ptb:2 eta:30 SF:0.00
Ptb:2 eta:31 SF:0.00
Ptb:2 eta:32 SF:0.00
Ptb:2 eta:33 SF:0.00
Ptb:2 eta:34 SF:0.00
Ptb:2 eta:35 SF:0.00
Ptb:2 eta:36 SF:0.00
Ptb:2 eta:37 SF:0.00
Ptb:2 eta:38 SF:1.15
Ptb:2 eta:39 SF:1.28
Ptb:2 eta:40 SF:1.29
Ptb:2 eta:41 SF:0.00
Ptb:2 eta:42 SF:1.58
Ptb:2 eta:43 SF:1.25
Ptb:2 eta:44 SF:1.84
Ptb:2 eta:45 SF:1.73
Ptb:2 eta:46 SF:1.69
Ptb:2 eta:47 SF:1.57
Ptb:2 eta:48 SF:1.59
Ptb:2 eta:49 SF:1.57
Ptb:2 eta:50 SF:1.59
Ptb:2 eta:51 SF:1.61
Ptb:2 eta:52 SF:1.69
Ptb:2 eta:53 SF:1.77
Ptb:2 eta:54 SF:0.00
Ptb:2 eta:55 SF:0.00
	
Ptb:3 eta:0 SF:0.00
Ptb:3 eta:1 SF:0.00
Ptb:3 eta:2 SF:1.63
Ptb:3 eta:3 SF:1.56
Ptb:3 eta:4 SF:1.49
Ptb:3 eta:5 SF:1.45
Ptb:3 eta:6 SF:1.44
Ptb:3 eta:7 SF:1.45
Ptb:3 eta:8 SF:1.43
Ptb:3 eta:9 SF:1.27
Ptb:3 eta:10 SF:1.48
Ptb:3 eta:11 SF:1.27
Ptb:3 eta:12 SF:1.25
Ptb:3 eta:13 SF:1.22
Ptb:3 eta:14 SF:1.24
Ptb:3 eta:15 SF:1.29
Ptb:3 eta:16 SF:1.17
Ptb:3 eta:17 SF:1.16
Ptb:3 eta:18 SF:1.18
Ptb:3 eta:19 SF:1.14
Ptb:3 eta:20 SF:1.17
Ptb:3 eta:21 SF:1.12
Ptb:3 eta:22 SF:1.17
Ptb:3 eta:23 SF:1.13
Ptb:3 eta:24 SF:1.13
Ptb:3 eta:25 SF:1.17
Ptb:3 eta:26 SF:1.12
Ptb:3 eta:27 SF:1.16Info in <TCanvas::Print>: png file /afs/hep.wisc.edu/home/laura/www/Research/step1hist_ptb3.png has been created
Info in <TCanvas::Print>: png file /afs/hep.wisc.edu/home/laura/www/Research/step1hist_ptb4.png has been created
Info in <TCanvas::Print>: png file /afs/hep.wisc.edu/home/laura/www/Research/step1hist_ptb5.png has been created
Info in <TCanvas::Print>: png file /afs/hep.wisc.edu/home/laura/www/Research/step1hist_ptb6.png has been created

Ptb:3 eta:28 SF:1.44
Ptb:3 eta:29 SF:1.11
Ptb:3 eta:30 SF:1.13
Ptb:3 eta:31 SF:1.18
Ptb:3 eta:32 SF:1.11
Ptb:3 eta:33 SF:1.14
Ptb:3 eta:34 SF:0.00
Ptb:3 eta:35 SF:1.15
Ptb:3 eta:36 SF:1.17
Ptb:3 eta:37 SF:1.15
Ptb:3 eta:38 SF:1.16
Ptb:3 eta:39 SF:1.21
Ptb:3 eta:40 SF:1.18
Ptb:3 eta:41 SF:1.21
Ptb:3 eta:42 SF:1.20
Ptb:3 eta:43 SF:1.22
Ptb:3 eta:44 SF:1.25
Ptb:3 eta:45 SF:1.52
Ptb:3 eta:46 SF:1.30
Ptb:3 eta:47 SF:1.38
Ptb:3 eta:48 SF:1.45
Ptb:3 eta:49 SF:1.48
Ptb:3 eta:50 SF:1.49
Ptb:3 eta:51 SF:1.48
Ptb:3 eta:52 SF:1.56
Ptb:3 eta:53 SF:1.67
Ptb:3 eta:54 SF:0.00
Ptb:3 eta:55 SF:0.00
	
Ptb:4 eta:0 SF:0.00
Ptb:4 eta:1 SF:0.00
Ptb:4 eta:2 SF:1.59
Ptb:4 eta:3 SF:1.50
Ptb:4 eta:4 SF:1.44
Ptb:4 eta:5 SF:1.40
Ptb:4 eta:6 SF:1.41
Ptb:4 eta:7 SF:1.38
Ptb:4 eta:8 SF:1.35
Ptb:4 eta:9 SF:1.27
Ptb:4 eta:10 SF:1.35
Ptb:4 eta:11 SF:1.20
Ptb:4 eta:12 SF:1.23
Ptb:4 eta:13 SF:1.22
Ptb:4 eta:14 SF:1.20
Ptb:4 eta:15 SF:1.19
Ptb:4 eta:16 SF:1.18
Ptb:4 eta:17 SF:1.24
Ptb:4 eta:18 SF:1.11
Ptb:4 eta:19 SF:1.13
Ptb:4 eta:20 SF:1.09
Ptb:4 eta:21 SF:1.14
Ptb:4 eta:22 SF:1.11
Ptb:4 eta:23 SF:1.16
Ptb:4 eta:24 SF:1.10
Ptb:4 eta:25 SF:1.09
Ptb:4 eta:26 SF:1.23
Ptb:4 eta:27 SF:1.14
Ptb:4 eta:28 SF:1.10
Ptb:4 eta:29 SF:1.10
Ptb:4 eta:30 SF:1.09
Ptb:4 eta:31 SF:1.06
Ptb:4 eta:32 SF:1.06
Ptb:4 eta:33 SF:1.08
Ptb:4 eta:34 SF:1.08
Ptb:4 eta:35 SF:1.12
Ptb:4 eta:36 SF:1.14
Ptb:4 eta:37 SF:1.15
Ptb:4 eta:38 SF:1.14
Ptb:4 eta:39 SF:1.17
Ptb:4 eta:40 SF:1.17
Ptb:4 eta:41 SF:1.20
Ptb:4 eta:42 SF:1.21
Ptb:4 eta:43 SF:1.23
Ptb:4 eta:44 SF:1.24
Ptb:4 eta:45 SF:1.43
Ptb:4 eta:46 SF:1.25
Ptb:4 eta:47 SF:1.35
Ptb:4 eta:48 SF:1.43
Ptb:4 eta:49 SF:1.43
Ptb:4 eta:50 SF:1.43
Ptb:4 eta:51 SF:1.45
Ptb:4 eta:52 SF:1.51
Ptb:4 eta:53 SF:1.62
Ptb:4 eta:54 SF:0.00
Ptb:4 eta:55 SF:0.00
	
Ptb:5 eta:0 SF:0.00
Ptb:5 eta:1 SF:0.00
Ptb:5 eta:2 SF:1.57
Ptb:5 eta:3 SF:1.46
Ptb:5 eta:4 SF:1.42
Ptb:5 eta:5 SF:1.35
Ptb:5 eta:6 SF:1.38
Ptb:5 eta:7 SF:1.38
Ptb:5 eta:8 SF:1.36
Ptb:5 eta:9 SF:1.25
Ptb:5 eta:10 SF:1.43
Ptb:5 eta:11 SF:1.25
Ptb:5 eta:12 SF:1.20
Ptb:5 eta:13 SF:1.20
Ptb:5 eta:14 SF:1.20
Ptb:5 eta:15 SF:1.16
Ptb:5 eta:16 SF:1.16
Ptb:5 eta:17 SF:1.18
Ptb:5 eta:18 SF:1.14
Ptb:5 eta:19 SF:1.13
Ptb:5 eta:20 SF:1.09
Ptb:5 eta:21 SF:1.19
Ptb:5 eta:22 SF:1.10
Ptb:5 eta:23 SF:1.12
Ptb:5 eta:24 SF:1.17
Ptb:5 eta:25 SF:1.09
Ptb:5 eta:26 SF:1.12
Ptb:5 eta:27 SF:1.12
Ptb:5 eta:28 SF:1.10
Ptb:5 eta:29 SF:1.09
Ptb:5 eta:30 SF:1.11
Ptb:5 eta:31 SF:1.09
Ptb:5 eta:32 SF:1.07
Ptb:5 eta:33 SF:1.14
Ptb:5 eta:34 SF:1.14
Ptb:5 eta:35 SF:1.10
Ptb:5 eta:36 SF:1.09
Ptb:5 eta:37 SF:1.13
Ptb:5 eta:38 SF:1.11
Ptb:5 eta:39 SF:1.13
Ptb:5 eta:40 SF:1.14
Ptb:5 eta:41 SF:1.20
Ptb:5 eta:42 SF:1.18
Ptb:5 eta:43 SF:1.21
Ptb:5 eta:44 SF:1.25
Ptb:5 eta:45 SF:1.40
Ptb:5 eta:46 SF:1.23
Ptb:5 eta:47 SF:1.36
Ptb:5 eta:48 SF:1.38
Ptb:5 eta:49 SF:1.38
Ptb:5 eta:50 SF:1.40
Ptb:5 eta:51 SF:1.41
Ptb:5 eta:52 SF:1.52
Ptb:5 eta:53 SF:1.57
Ptb:5 eta:54 SF:0.00
Ptb:5 eta:55 SF:0.00
	
Ptb:6 eta:0 SF:0.00
Ptb:6 eta:1 SF:0.00
Ptb:6 eta:2 SF:0.00
Ptb:6 eta:3 SF:1.53
Ptb:6 eta:4 SF:1.32
Ptb:6 eta:5 SF:1.39
Ptb:6 eta:6 SF:1.37
Ptb:6 eta:7 SF:1.39
Ptb:6 eta:8 SF:1.28
Ptb:6 eta:9 SF:1.19
Ptb:6 eta:10 SF:0.00
Ptb:6 eta:11 SF:1.23
Ptb:6 eta:12 SF:1.15
Ptb:6 eta:13 SF:1.19
Ptb:6 eta:14 SF:1.19
Ptb:6 eta:15 SF:1.16
Ptb:6 eta:16 SF:1.15
Ptb:6 eta:17 SF:1.13
Ptb:6 eta:18 SF:1.12
Ptb:6 eta:19 SF:1.11
Ptb:6 eta:20 SF:1.07
Ptb:6 eta:21 SF:1.12
Ptb:6 eta:22 SF:1.08
Ptb:6 eta:23 SF:1.10
Ptb:6 eta:24 SF:1.07
Ptb:6 eta:25 SF:1.07
Ptb:6 eta:26 SF:1.09
Ptb:6 eta:27 SF:1.09
Ptb:6 eta:28 SF:1.08
Ptb:6 eta:29 SF:1.08
Ptb:6 eta:30 SF:1.16
Ptb:6 eta:31 SF:1.08
Ptb:6 eta:32 SF:1.10
Ptb:6 eta:33 SF:1.11
Ptb:6 eta:34 SF:1.06
Ptb:6 eta:35 SF:1.08
Ptb:6 eta:36 SF:1.11
Ptb:6 eta:37 SF:1.11
Ptb:6 eta:38 SF:1.10
Ptb:6 eta:39 SF:1.13
Ptb:6 eta:40 SF:1.15
Ptb:6 eta:41 SF:1.14
Ptb:6 eta:42 SF:1.17
Ptb:6 eta:43 SF:1.17
Ptb:6 eta:44 SF:1.21
Ptb:6 eta:45 SF:1.31
Ptb:6 eta:46 SF:1.22
Ptb:6 eta:47 SF:1.33
Ptb:6 eta:48 SF:1.31
Ptb:6 eta:49 SF:1.36
Ptb:6 eta:50 SF:1.37
Ptb:6 eta:51 SF:1.42
Ptb:6 eta:52 SF:1.36
Ptb:6 eta:53 SF:1.38
Ptb:6 eta:54 SF:0.00
Ptb:6 eta:55 SF:0.00
	
PInfo in <TCanvas::Print>: png file /afs/hep.wisc.edu/home/laura/www/Research/step1hist_ptb7.png has been created
Info in <TCanvas::Print>: png file /afs/hep.wisc.edu/home/laura/www/Research/step1hist_ptb8.png has been created
tb:7 eta:0 SF:0.00
Ptb:7 eta:1 SF:0.00
Ptb:7 eta:2 SF:0.00
Ptb:7 eta:3 SF:0.00
Ptb:7 eta:4 SF:1.33
Ptb:7 eta:5 SF:0.00
Ptb:7 eta:6 SF:1.24
Ptb:7 eta:7 SF:1.19
Ptb:7 eta:8 SF:1.27
Ptb:7 eta:9 SF:1.15
Ptb:7 eta:10 SF:1.18
Ptb:7 eta:11 SF:1.17
Ptb:7 eta:12 SF:1.22
Ptb:7 eta:13 SF:1.16
Ptb:7 eta:14 SF:1.15
Ptb:7 eta:15 SF:1.15
Ptb:7 eta:16 SF:1.11
Ptb:7 eta:17 SF:1.10
Ptb:7 eta:18 SF:1.10
Ptb:7 eta:19 SF:0.00
Ptb:7 eta:20 SF:1.11
Ptb:7 eta:21 SF:0.00
Ptb:7 eta:22 SF:1.15
Ptb:7 eta:23 SF:1.08
Ptb:7 eta:24 SF:1.10
Ptb:7 eta:25 SF:1.07
Ptb:7 eta:26 SF:1.06
Ptb:7 eta:27 SF:1.08
Ptb:7 eta:28 SF:1.08
Ptb:7 eta:29 SF:1.06
Ptb:7 eta:30 SF:1.06
Ptb:7 eta:31 SF:1.09
Ptb:7 eta:32 SF:1.06
Ptb:7 eta:33 SF:1.07
Ptb:7 eta:34 SF:1.09
Ptb:7 eta:35 SF:1.05
Ptb:7 eta:36 SF:1.08
Ptb:7 eta:37 SF:1.11
Ptb:7 eta:38 SF:1.08
Ptb:7 eta:39 SF:1.12
Ptb:7 eta:40 SF:1.13
Ptb:7 eta:41 SF:1.15
Ptb:7 eta:42 SF:1.14
Ptb:7 eta:43 SF:1.18
Ptb:7 eta:44 SF:1.18
Ptb:7 eta:45 SF:0.00
Ptb:7 eta:46 SF:1.19
Ptb:7 eta:47 SF:1.25
Ptb:7 eta:48 SF:1.28
Ptb:7 eta:49 SF:1.37
Ptb:7 eta:50 SF:0.00
Ptb:7 eta:51 SF:1.31
Ptb:7 eta:52 SF:0.00
Ptb:7 eta:53 SF:0.00
Ptb:7 eta:54 SF:0.00
Ptb:7 eta:55 SF:0.00
	
Ptb:8 eta:0 SF:0.00
Ptb:8 eta:1 SF:0.00
Ptb:8 eta:2 SF:0.00
Ptb:8 eta:3 SF:0.00
Ptb:8 eta:4 SF:0.00
Ptb:8 eta:5 SF:0.00
Ptb:8 eta:6 SF:1.19
Ptb:8 eta:7 SF:0.00
Ptb:8 eta:8 SF:0.00
Ptb:8 eta:9 SF:1.14
Ptb:8 eta:10 SF:0.00
Ptb:8 eta:11 SF:1.16
Ptb:8 eta:12 SF:1.15
Ptb:8 eta:13 SF:0.00
Ptb:8 eta:14 SF:1.17
Ptb:8 eta:15 SF:0.00
Ptb:8 eta:16 SF:0.00
Ptb:8 eta:17 SF:1.09
Ptb:8 eta:18 SF:1.07
Ptb:8 eta:19 SF:0.00
Ptb:8 eta:20 SF:1.07
Ptb:8 eta:21 SF:0.00
Ptb:8 eta:22 SF:1.06
Ptb:8 eta:23 SF:1.12
Ptb:8 eta:24 SF:1.07
Ptb:8 eta:25 SF:1.08
Ptb:8 eta:26 SF:1.07
Ptb:8 eta:27 SF:1.12
Ptb:8 eta:28 SF:1.06
Ptb:8 eta:29 SF:1.03
Ptb:8 eta:30 SF:1.08
Ptb:8 eta:31 SF:1.06
Ptb:8 eta:32 SF:1.07
Ptb:8 eta:33 SF:0.00
Ptb:8 eta:34 SF:1.04
Ptb:8 eta:35 SF:1.08
Ptb:8 eta:36 SF:1.12
Ptb:8 eta:37 SF:1.12
Ptb:8 eta:38 SF:1.01
Ptb:8 eta:39 SF:1.05
Ptb:8 eta:40 SF:1.11
Ptb:8 eta:41 SF:1.12
Ptb:8 eta:42 SF:0.00
Ptb:8 eta:43 SF:1.11
Ptb:8 eta:44 SF:1.15
Ptb:8 eta:45 SF:0.00
Ptb:8 eta:46 SF:0.00
Ptb:8 eta:47 SF:0.00
Ptb:8 eta:48 SF:0.00
Ptb:8 eta:49 SF:0.00
Ptb:8 eta:50 SF:0.00
Ptb:8 eta:51 SF:0.00
Ptb:8 eta:52 SF:0.00
Ptb:8 eta:53 SF:0.00
Ptb:8 eta:54 SF:0.00
Ptb:8 eta:55 SF:0.00
